[debug] [2022-06-17T10:27:54.569Z] ----------------------------------------------------------------------
[debug] [2022-06-17T10:27:54.570Z] Command:       C:\Program Files\nodejs\node.exe C:\Users\rohitverma\AppData\Roaming\npm\node_modules\firebase-tools\lib\bin\firebase.js init
[debug] [2022-06-17T10:27:54.571Z] CLI Version:   11.1.0
[debug] [2022-06-17T10:27:54.571Z] Platform:      win32
[debug] [2022-06-17T10:27:54.571Z] Node Version:  v16.14.0
[debug] [2022-06-17T10:27:54.573Z] Time:          Fri Jun 17 2022 15:57:54 GMT+0530 (India Standard Time)
[debug] [2022-06-17T10:27:54.574Z] ----------------------------------------------------------------------
[debug] 
[debug] [2022-06-17T10:27:54.588Z] > command requires scopes: ["email","openid","https://www.googleapis.com/auth/cloudplatformprojects.readonly","https://www.googleapis.com/auth/firebase","https://www.googleapis.com/auth/cloud-platform"]
[debug] [2022-06-17T10:27:54.589Z] > authorizing via signed-in user (28vrohit@gmail.com)
[info] 
     ######## #### ########  ######## ########     ###     ######  ########
     ##        ##  ##     ## ##       ##     ##  ##   ##  ##       ##
     ######    ##  ########  ######   ########  #########  ######  ######
     ##        ##  ##    ##  ##       ##     ## ##     ##       ## ##
     ##       #### ##     ## ######## ########  ##     ##  ######  ########

You're about to initialize a Firebase project in this directory:

  C:\Works Directory\Intern\React\protfolio

Before we get started, keep in mind:

  * You are currently outside your home directory

[info] 
=== Project Setup
[info] 
[info] First, let's associate this project directory with a Firebase project.
[info] You can create multiple project aliases by running firebase use --add, 
[info] but for now we'll just set up a default project.
[info] 
[debug] [2022-06-17T10:29:04.960Z] >>> [apiv2][query] GET https://firebase.googleapis.com/v1beta1/projects pageSize=100
[debug] [2022-06-17T10:29:05.726Z] <<< [apiv2][status] GET https://firebase.googleapis.com/v1beta1/projects 200
[debug] [2022-06-17T10:29:05.727Z] <<< [apiv2][body] GET https://firebase.googleapis.com/v1beta1/projects [omitted]
[info] i  Using project portflio-4be00 (portflio) 
[info] 
=== Hosting Setup
[info] 
[info] Your public directory is the folder (relative to your project directory) that
[info] will contain Hosting assets to be uploaded with firebase deploy. If you
[info] have a build process for your assets, use your build's output directory.
[info] 
[info] +  Wrote public/404.html 
[debug] [2022-06-17T10:30:08.427Z] >>> [apiv2][query] GET https://www.gstatic.com/firebasejs/releases.json [none]
[debug] [2022-06-17T10:30:08.556Z] <<< [apiv2][status] GET https://www.gstatic.com/firebasejs/releases.json 200
[debug] [2022-06-17T10:30:08.556Z] <<< [apiv2][body] GET https://www.gstatic.com/firebasejs/releases.json {"current":{"version":"9.8.3","browserURL":"https://www.gstatic.com/firebasejs/9.8.3/firebase.js","packageURL":"https://www.gstatic.com/firebasejs/9.8.3/firebase.tgz"},"live":{"version":"9.8","browserURL":"https://www.gstatic.com/firebasejs/live/9.8/firebase.js","packageURL":"https://www.gstatic.com/firebasejs/live/9.8/firebase.tgz"},"components":{"analytics":"https://www.gstatic.com/firebasejs/9.8.3/firebase-analytics.js","app":"https://www.gstatic.com/firebasejs/9.8.3/firebase-app.js","app-check":"https://www.gstatic.com/firebasejs/9.8.3/firebase-app-check.js","auth":"https://www.gstatic.com/firebasejs/9.8.3/firebase-auth.js","auth/cordova":"https://www.gstatic.com/firebasejs/9.8.3/firebase-auth/cordova.js","auth/react-native":"https://www.gstatic.com/firebasejs/9.8.3/firebase-auth/react-native.js","functions":"https://www.gstatic.com/firebasejs/9.8.3/firebase-functions.js","firestore":"https://www.gstatic.com/firebasejs/9.8.3/firebase-firestore.js","firestore/lite":"https://www.gstatic.com/firebasejs/9.8.3/firebase-firestore/lite.js","storage":"https://www.gstatic.com/firebasejs/9.8.3/firebase-storage.js","performance":"https://www.gstatic.com/firebasejs/9.8.3/firebase-performance.js","remote-config":"https://www.gstatic.com/firebasejs/9.8.3/firebase-remote-config.js","messaging":"https://www.gstatic.com/firebasejs/9.8.3/firebase-messaging.js","messaging/sw":"https://www.gstatic.com/firebasejs/9.8.3/firebase-messaging/sw.js","database":"https://www.gstatic.com/firebasejs/9.8.3/firebase-database.js","firestore.memory":"https://www.gstatic.com/firebasejs/9.8.3/firebase-firestore.memory.js"}}
[info] i  Skipping write of public/index.html 
[info] 
[info] i  Didn't detect a .git folder. Assuming C:\Works Directory\Intern\React\protfolio is the project root. 
[info] i  Authorizing with GitHub to upload your service account to a GitHub repository's secrets store. 
[info] 
[info] Visit this URL on this device to log in:
[info] https://github.com/login/oauth/authorize?client_id=89cf50f02ac6aaed3484&state=480561686&redirect_uri=http%3A%2F%2Flocalhost%3A9005&scope=read%3Auser%20repo%20public_repo
[info] 
[info] Waiting for authentication...
[debug] [2022-06-17T10:31:09.289Z] >>> [apiv2][query] POST https://github.com/login/oauth/access_token [none]
[debug] [2022-06-17T10:31:09.289Z] >>> [apiv2][body] POST https://github.com/login/oauth/access_token [stream]
[debug] [2022-06-17T10:31:09.714Z] <<< [apiv2][status] POST https://github.com/login/oauth/access_token 200
[debug] [2022-06-17T10:31:09.714Z] <<< [apiv2][body] POST https://github.com/login/oauth/access_token {"access_token":"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","token_type":"bearer","scope":"read:user,repo"}
[debug] [2022-06-17T10:31:09.731Z] >>> [apiv2][query] GET https://api.github.com/user [none]
[debug] [2022-06-17T10:31:10.111Z] <<< [apiv2][status] GET https://api.github.com/user 200
[debug] [2022-06-17T10:31:10.112Z] <<< [apiv2][body] GET https://api.github.com/user {"login":"07rv","id":66582852,"node_id":"MDQ6VXNlcjY2NTgyODUy","avatar_url":"https://avatars.githubusercontent.com/u/66582852?v=4","gravatar_id":"","url":"https://api.github.com/users/07rv","html_url":"https://github.com/07rv","followers_url":"https://api.github.com/users/07rv/followers","following_url":"https://api.github.com/users/07rv/following{/other_user}","gists_url":"https://api.github.com/users/07rv/gists{/gist_id}","starred_url":"https://api.github.com/users/07rv/starred{/owner}{/repo}","subscriptions_url":"https://api.github.com/users/07rv/subscriptions","organizations_url":"https://api.github.com/users/07rv/orgs","repos_url":"https://api.github.com/users/07rv/repos","events_url":"https://api.github.com/users/07rv/events{/privacy}","received_events_url":"https://api.github.com/users/07rv/received_events","type":"User","site_admin":false,"name":"Rohit verma","company":null,"blog":"","location":null,"email":null,"hireable":null,"bio":"Future engineering from Delhi Technological University, enthusiast for sci-fi, code, physics.....","twitter_username":null,"public_repos":15,"public_gists":0,"followers":1,"following":1,"created_at":"2020-06-08T03:35:03Z","updated_at":"2022-06-07T17:44:54Z","private_gists":0,"total_private_repos":0,"owned_private_repos":0,"disk_usage":70459,"collaborators":0,"two_factor_authentication":false,"plan":{"name":"free","space":976562499,"collaborators":0,"private_repos":10000}}
[info] 
[info] +  Success! Logged into GitHub as 07rv 
[info] 
